0 info it worked if it ends with ok
1 verbose cli [ '/Users/stevenye/.nvm/versions/node/v4.4.0/bin/node',
1 verbose cli   '/Users/stevenye/.nvm/versions/node/v4.4.0/bin/npm',
1 verbose cli   'install',
1 verbose cli   'node-sass' ]
2 info using npm@2.14.20
3 info using node@v4.4.0
4 verbose install initial load of /Users/stevenye/vagrant/centos7/share/ionic-apps/ionicd8/package.json
5 verbose stack Error: Invalid name: "ionic+drupal8"
5 verbose stack     at ensureValidName (/Users/stevenye/.nvm/versions/node/v4.4.0/lib/node_modules/npm/node_modules/normalize-package-data/lib/fixer.js:336:15)
5 verbose stack     at Object.module.exports.fixNameField (/Users/stevenye/.nvm/versions/node/v4.4.0/lib/node_modules/npm/node_modules/normalize-package-data/lib/fixer.js:215:5)
5 verbose stack     at /Users/stevenye/.nvm/versions/node/v4.4.0/lib/node_modules/npm/node_modules/normalize-package-data/lib/normalize.js:32:38
5 verbose stack     at Array.forEach (native)
5 verbose stack     at normalize (/Users/stevenye/.nvm/versions/node/v4.4.0/lib/node_modules/npm/node_modules/normalize-package-data/lib/normalize.js:31:15)
5 verbose stack     at final (/Users/stevenye/.nvm/versions/node/v4.4.0/lib/node_modules/npm/node_modules/read-package-json/read-json.js:338:5)
5 verbose stack     at then (/Users/stevenye/.nvm/versions/node/v4.4.0/lib/node_modules/npm/node_modules/read-package-json/read-json.js:113:5)
5 verbose stack     at /Users/stevenye/.nvm/versions/node/v4.4.0/lib/node_modules/npm/node_modules/read-package-json/read-json.js:300:12
5 verbose stack     at /Users/stevenye/.nvm/versions/node/v4.4.0/lib/node_modules/npm/node_modules/graceful-fs/graceful-fs.js:78:16
5 verbose stack     at FSReqWrap.readFileAfterClose [as oncomplete] (fs.js:380:3)
6 verbose cwd /Users/stevenye/vagrant/centos7/share/ionic-apps/ionicd8
7 error Darwin 15.4.0
8 error argv "/Users/stevenye/.nvm/versions/node/v4.4.0/bin/node" "/Users/stevenye/.nvm/versions/node/v4.4.0/bin/npm" "install" "node-sass"
9 error node v4.4.0
10 error npm  v2.14.20
11 error Invalid name: "ionic+drupal8"
12 error If you need help, you may report this error at:
12 error     <https://github.com/npm/npm/issues>
13 verbose exit [ 1, true ]
